<?xml version="1.0" encoding="UTF-8"?>
<!-- Generated by org.testng.reporters.JUnitXMLReporter -->
<testsuite hostname="DESKTOP-0OHGDCN" ignored="0" name="Default test" tests="4" failures="0" timestamp="10 Feb 2023 22:58:33 GMT" time="0.78" errors="0">
  <testcase name="sample" time="0.008" classname="assignment11.SampleTestDDT"/>
  <testcase name="sample" time="0.001" classname="assignment11.SampleTestDDT"/>
  <testcase name="sample" time="0.002" classname="assignment11.SampleTestDDT"/>
  <testcase name="sample" time="0.002" classname="assignment11.SampleTestDDT"/>
</testsuite> <!-- Default test -->
