<?xml version="1.0" encoding="UTF-8"?>
<!-- Generated by org.testng.reporters.JUnitXMLReporter -->
<testsuite hostname="DESKTOP-0OHGDCN" ignored="0" name="Default test" tests="5" failures="0" timestamp="22 Feb 2023 19:53:40 GMT" time="48.026" errors="0">
  <testcase name="Login" time="5.451" classname="assignment11.Assignment13"/>
  <testcase name="CreateCourse" time="5.94" classname="assignment11.Assignment13"/>
  <testcase name="Delete" time="30.249" classname="assignment11.Assignment13"/>
  <testcase name="logout" time="0.469" classname="assignment11.Assignment13"/>
  <testcase name="tearDown" time="0.829" classname="assignment11.Assignment13"/>
</testsuite> <!-- Default test -->
