<?xml version="1.0" encoding="UTF-8"?>
<!-- Generated by org.testng.reporters.JUnitXMLReporter -->
<testsuite hostname="DESKTOP-0OHGDCN" ignored="0" name="TestInEdge" tests="4" failures="0" timestamp="07 Feb 2023 15:58:49 GMT" time="36.1" errors="0">
  <testcase name="Login" time="5.494" classname="assignment11.TestNg_Assignment10"/>
  <testcase name="CreateCourse" time="13.163" classname="assignment11.TestNg_Assignment10"/>
  <testcase name="Delete" time="10.208" classname="assignment11.TestNg_Assignment10"/>
  <testcase name="tearDown" time="0.856" classname="assignment11.TestNg_Assignment10"/>
</testsuite> <!-- TestInEdge -->
