<?xml version="1.0" encoding="UTF-8"?>
<testng-results skipped="0" failed="0" ignored="0" total="5" passed="5">
  <reporter-output>
  </reporter-output>
  <suite name="Default suite" duration-ms="48026" started-at="2023-02-22T19:52:52Z" finished-at="2023-02-22T19:53:40Z">
    <groups>
    </groups>
    <test name="Default test" duration-ms="48026" started-at="2023-02-22T19:52:52Z" finished-at="2023-02-22T19:53:40Z">
      <class name="assignment11.Assignment13">
        <test-method status="PASS" signature="setup()[pri:0, instance:assignment11.Assignment13@55d56113]" name="setup" is-config="true" duration-ms="5033" started-at="2023-02-22T19:52:52Z" finished-at="2023-02-22T19:52:57Z">
          <reporter-output>
          </reporter-output>
        </test-method> <!-- setup -->
        <test-method status="PASS" signature="Login()[pri:1, instance:assignment11.Assignment13@55d56113]" name="Login" duration-ms="5451" started-at="2023-02-22T19:52:57Z" finished-at="2023-02-22T19:53:02Z">
          <reporter-output>
          </reporter-output>
        </test-method> <!-- Login -->
        <test-method status="PASS" signature="CreateCourse()[pri:2, instance:assignment11.Assignment13@55d56113]" name="CreateCourse" duration-ms="5940" started-at="2023-02-22T19:53:02Z" finished-at="2023-02-22T19:53:08Z">
          <reporter-output>
          </reporter-output>
        </test-method> <!-- CreateCourse -->
        <test-method status="PASS" signature="Delete()[pri:3, instance:assignment11.Assignment13@55d56113]" name="Delete" duration-ms="30249" started-at="2023-02-22T19:53:08Z" finished-at="2023-02-22T19:53:39Z">
          <reporter-output>
          </reporter-output>
        </test-method> <!-- Delete -->
        <test-method status="PASS" signature="logout()[pri:4, instance:assignment11.Assignment13@55d56113]" name="logout" duration-ms="469" started-at="2023-02-22T19:53:39Z" finished-at="2023-02-22T19:53:39Z">
          <reporter-output>
          </reporter-output>
        </test-method> <!-- logout -->
        <test-method status="PASS" signature="tearDown()[pri:5, instance:assignment11.Assignment13@55d56113]" name="tearDown" duration-ms="829" started-at="2023-02-22T19:53:39Z" finished-at="2023-02-22T19:53:40Z">
          <reporter-output>
          </reporter-output>
        </test-method> <!-- tearDown -->
      </class> <!-- assignment11.Assignment13 -->
    </test> <!-- Default test -->
  </suite> <!-- Default suite -->
</testng-results>
